{
  "RSpec": {
    "coverage": {
      "/home/choocku/homeworkSAAS/app/helpers/application_helper.rb": [
        1,
        null
      ],
      "/home/choocku/homeworkSAAS/app/helpers/movies_helper.rb": [
        1,
        null
      ],
      "/home/choocku/homeworkSAAS/app/helpers/sessions_helper.rb": [
        1,
        null
      ],
      "/home/choocku/homeworkSAAS/app/controllers/movies_controller.rb": [
        1,
        1,
        0,
        0,
        0,
        0,
        0,
        0,
        0,
        0,
        null,
        null,
        null,
        1,
        0,
        0,
        null,
        null,
        null,
        null,
        null,
        1,
        0,
        0,
        0,
        0,
        null,
        0,
        null,
        null,
        null,
        1,
        0,
        0,
        0,
        0,
        null,
        0,
        null,
        null,
        null,
        1,
        0,
        null,
        null,
        1,
        0,
        null,
        null,
        1,
        0,
        0,
        0,
        0,
        null,
        null,
        1,
        3,
        3,
        3,
        0,
        0,
        null,
        null,
        null
      ],
      "/home/choocku/homeworkSAAS/app/controllers/application_controller.rb": [
        1,
        1,
        null,
        1,
        1,
        null,
        0,
        0,
        null,
        null
      ],
      "/home/choocku/homeworkSAAS/app/models/movie.rb": [
        1,
        1,
        1,
        null,
        1,
        null,
        1,
        0,
        0,
        null,
        null,
        1,
        0,
        null,
        null,
        1,
        1,
        0,
        null,
        null,
        null,
        1,
        0,
        null,
        null,
        1,
        null,
        null,
        null,
        null,
        null,
        null,
        null,
        null,
        null,
        null,
        2,
        2,
        1,
        0,
        null,
        null,
        0,
        0,
        null,
        0,
        null,
        null,
        1,
        1,
        null,
        0,
        null,
        null,
        null,
        null,
        null,
        null,
        null
      ],
      "/home/choocku/homeworkSAAS/app/models/moviegoer.rb": [
        0,
        0,
        0,
        0,
        0,
        0,
        0,
        0,
        0,
        0,
        0
      ],
      "/home/choocku/homeworkSAAS/app/controllers/sessions_controller.rb": [
        0,
        0,
        0,
        0,
        0,
        0,
        0,
        0,
        0,
        0,
        0,
        0,
        0,
        0,
        0,
        0,
        0,
        0,
        0
      ]
    },
    "timestamp": 1457863819
  },
  "Cucumber Features": {
    "coverage": {
      "/home/choocku/homeworkSAAS/app/models/moviegoer.rb": [
        0,
        0,
        0,
        0,
        0,
        0,
        0,
        0,
        0,
        0,
        0
      ],
      "/home/choocku/homeworkSAAS/app/models/movie.rb": [
        0,
        0,
        0,
        0,
        0,
        0,
        0,
        0,
        0,
        0,
        0,
        0,
        0,
        0,
        0,
        0,
        0,
        0,
        0,
        0,
        0,
        0,
        0,
        0,
        0,
        0,
        0,
        0,
        0,
        0,
        0,
        0,
        0,
        0,
        0,
        0,
        0,
        0,
        0,
        0,
        0,
        0,
        0,
        0,
        0,
        0,
        0,
        0,
        0,
        0,
        0,
        0,
        0,
        0,
        0,
        0,
        0,
        0,
        0
      ],
      "/home/choocku/homeworkSAAS/app/controllers/sessions_controller.rb": [
        0,
        0,
        0,
        0,
        0,
        0,
        0,
        0,
        0,
        0,
        0,
        0,
        0,
        0,
        0,
        0,
        0,
        0,
        0
      ],
      "/home/choocku/homeworkSAAS/app/controllers/movies_controller.rb": [
        0,
        0,
        0,
        0,
        0,
        0,
        0,
        0,
        0,
        0,
        0,
        0,
        0,
        0,
        0,
        0,
        0,
        0,
        0,
        0,
        0,
        0,
        0,
        0,
        0,
        0,
        0,
        0,
        0,
        0,
        0,
        0,
        0,
        0,
        0,
        0,
        0,
        0,
        0,
        0,
        0,
        0,
        0,
        0,
        0,
        0,
        0,
        0,
        0,
        0,
        0,
        0,
        0,
        0,
        0,
        0,
        0,
        0,
        0,
        0,
        0,
        0,
        0,
        0,
        0
      ],
      "/home/choocku/homeworkSAAS/app/controllers/application_controller.rb": [
        0,
        0,
        0,
        0,
        0,
        0,
        0,
        0,
        0,
        0
      ],
      "/home/choocku/homeworkSAAS/app/helpers/movies_helper.rb": [
        0,
        0
      ],
      "/home/choocku/homeworkSAAS/app/helpers/application_helper.rb": [
        0,
        0
      ],
      "/home/choocku/homeworkSAAS/app/helpers/sessions_helper.rb": [
        0,
        0
      ]
    },
    "timestamp": 1457855476
  }
}
